<?xml version="1.0" encoding="UTF-8"?><testrun name="TestRun" project="selenium-bdd-cucumber" tests="1" started="1" failures="0" errors="1" ignored="0">
  <testsuite name="testRunner.TestRun" time="0.039">
    <testsuite name="Feature: Login" time="0.039">
      <testcase name="Successful Login with Valid Credentials" classname="Login" time="0.039">
        <error>java.lang.IllegalStateException: The driver executable does not exist: D:\DFiles\Programs\Eclipse-Workspaces\2023\selenium-bdd-cucumber\selenium-bdd-cucumber\null\Drivers\chromedriver.exe&#13;
	at com.google.common.base.Preconditions.checkState(Preconditions.java:585)&#13;
	at org.openqa.selenium.remote.service.DriverService.checkExecutable(DriverService.java:146)&#13;
	at org.openqa.selenium.remote.service.DriverService.findExecutable(DriverService.java:141)&#13;
	at org.openqa.selenium.chrome.ChromeDriverService.access$000(ChromeDriverService.java:35)&#13;
	at org.openqa.selenium.chrome.ChromeDriverService$Builder.findDefaultExecutable(ChromeDriverService.java:159)&#13;
	at org.openqa.selenium.remote.service.DriverService$Builder.build(DriverService.java:355)&#13;
	at org.openqa.selenium.chrome.ChromeDriverService.createDefaultService(ChromeDriverService.java:94)&#13;
	at org.openqa.selenium.chrome.ChromeDriver.&lt;init&gt;(ChromeDriver.java:123)&#13;
	at stepDefinitions.Steps.user_Launch_Chrome_Browser(Steps.java:22)&#13;
	at âœ½.User Launch Chrome Browser(file:Features/Login.feature:23)&#13;
&#13;
</error>
      </testcase>
    </testsuite>
  </testsuite>
</testrun>
